2024-04-24 22:13:39.707 INFO  n1exercici1.io.FlowerShopFileReader  - FlowerShopFileReader :: readColours :: Reading from file colours.txt
2024-04-24 22:13:39.709 INFO  n1exercici1.handlers.AppHandler  - AppHandler :: runFlowerShop :: __________ Flower Shop App running...
2024-04-24 22:13:39.709 INFO  n1exercici1.handlers.AppHandler  - AppHandler :: loadFlowerShopSaves :: Loading saves...
2024-04-24 22:13:39.710 INFO  n1exercici1.io.FlowerShopFileReader  - FlowerShopFileReader :: readFlowerShopFile :: Reading from file flower-shop.json
2024-04-24 22:13:39.892 INFO  n1exercici1.io.FlowerShopFileReader  - FlowerShopFileReader :: readIds :: Reading from file ids.txt
2024-04-24 22:13:39.902 INFO  n1exercici1.io.FlowerShopFileReader  - FlowerShopFileReader :: readSalesFile :: Reading from file sales.json
2024-04-24 22:13:39.902 INFO  n1exercici1.io.FlowerShopFileReader  - FlowerShopFileReader :: readStockFile :: Reading from file stock.json
2024-04-24 22:14:16.416 INFO  n1exercici1.handlers.StockHandler  - StockHandler :: runViewStockValue :: About to display the total stock value.
2024-04-24 22:14:32.862 INFO  n1exercici1.handlers.StockHandler  - StockHandler :: runViewCatalogue :: About to display all the products.
2024-04-24 22:17:24.309 INFO  n1exercici1.io.FlowerShopFileReader  - FlowerShopFileReader :: readColours :: Reading from file colours.txt
2024-04-24 22:17:24.312 INFO  n1exercici1.handlers.AppHandler  - AppHandler :: runFlowerShop :: __________ Flower Shop App running...
2024-04-24 22:17:24.312 INFO  n1exercici1.handlers.AppHandler  - AppHandler :: loadFlowerShopSaves :: Loading saves...
2024-04-24 22:17:24.312 INFO  n1exercici1.io.FlowerShopFileReader  - FlowerShopFileReader :: readFlowerShopFile :: Reading from file flower-shop.json
2024-04-24 22:17:24.495 INFO  n1exercici1.io.FlowerShopFileReader  - FlowerShopFileReader :: readIds :: Reading from file ids.txt
2024-04-24 22:17:24.497 INFO  n1exercici1.io.FlowerShopFileReader  - FlowerShopFileReader :: readSalesFile :: Reading from file sales.json
2024-04-24 22:17:24.497 INFO  n1exercici1.io.FlowerShopFileReader  - FlowerShopFileReader :: readStockFile :: Reading from file stock.json
2024-04-24 22:17:52.303 INFO  n1exercici1.handlers.StockHandler  - StockHandler :: runViewCatalogue :: About to display all the products.
2024-04-24 22:18:30.538 INFO  n1exercici1.handlers.StockHandler  - StockHandler :: runViewStockValue :: About to display the total stock value.
2024-04-24 22:19:53.918 INFO  n1exercici1.io.FlowerShopFileReader  - FlowerShopFileReader :: readColours :: Reading from file colours.txt
2024-04-24 22:19:53.921 INFO  n1exercici1.handlers.AppHandler  - AppHandler :: runFlowerShop :: __________ Flower Shop App running...
2024-04-24 22:19:53.921 INFO  n1exercici1.handlers.AppHandler  - AppHandler :: loadFlowerShopSaves :: Loading saves...
2024-04-24 22:19:53.922 INFO  n1exercici1.io.FlowerShopFileReader  - FlowerShopFileReader :: readFlowerShopFile :: Reading from file flower-shop.json
2024-04-24 22:19:54.101 INFO  n1exercici1.io.FlowerShopFileReader  - FlowerShopFileReader :: readIds :: Reading from file ids.txt
2024-04-24 22:19:54.104 INFO  n1exercici1.io.FlowerShopFileReader  - FlowerShopFileReader :: readSalesFile :: Reading from file sales.json
2024-04-24 22:19:54.104 INFO  n1exercici1.io.FlowerShopFileReader  - FlowerShopFileReader :: readStockFile :: Reading from file stock.json
2024-04-24 22:19:59.935 INFO  n1exercici1.handlers.StockHandler  - StockHandler :: runViewStock :: About to display the total stock of the shop.
2024-04-24 22:20:22.682 INFO  n1exercici1.handlers.StockHandler  - StockHandler :: runViewCatalogue :: About to display all the products.
2024-04-24 22:21:17.468 INFO  n1exercici1.handlers.StockHandler  - StockHandler :: runViewStockValue :: About to display the total stock value.
2024-04-24 22:37:44.926 INFO  n1exercici1.io.FlowerShopFileReader  - FlowerShopFileReader :: readColours :: Reading from file colours.txt
2024-04-24 22:37:44.928 INFO  n1exercici1.handlers.AppHandler  - AppHandler :: runFlowerShop :: __________ Flower Shop App running...
2024-04-24 22:37:44.928 INFO  n1exercici1.handlers.AppHandler  - AppHandler :: loadFlowerShopSaves :: Loading saves...
2024-04-24 22:37:44.929 INFO  n1exercici1.io.FlowerShopFileReader  - FlowerShopFileReader :: readFlowerShopFile :: Reading from file flower-shop.json
2024-04-24 22:37:45.155 INFO  n1exercici1.io.FlowerShopFileReader  - FlowerShopFileReader :: readIds :: Reading from file ids.txt
2024-04-24 22:37:45.157 INFO  n1exercici1.io.FlowerShopFileReader  - FlowerShopFileReader :: readSalesFile :: Reading from file sales.json
2024-04-24 22:37:45.157 INFO  n1exercici1.io.FlowerShopFileReader  - FlowerShopFileReader :: readStockFile :: Reading from file stock.json
